  Donuts.cpp
C:\Users\hugoc\OneDrive\Documents\GitHub\Capitaine_Hugo\Donuts\Donuts\Mesh.h(7,12): error C2039: 'vector' n'est pas membre de 'std'
  (compiler le fichier source 'Donuts.cpp')
      C:\Users\hugoc\OneDrive\Documents\GitHub\Capitaine_Hugo\Donuts\Donuts\predefined C++ types (compiler internal)(357,11):
      voir la déclaration de 'std'
  
C:\Users\hugoc\OneDrive\Documents\GitHub\Capitaine_Hugo\Donuts\Donuts\Mesh.h(7,12): error C2061: erreur de syntaxe : identificateur 'vector'
  (compiler le fichier source 'Donuts.cpp')
  
C:\Users\hugoc\OneDrive\Documents\GitHub\Capitaine_Hugo\Donuts\Donuts\Mesh.h(12,7): error C2039: 'vector' n'est pas membre de 'std'
  (compiler le fichier source 'Donuts.cpp')
      C:\Users\hugoc\OneDrive\Documents\GitHub\Capitaine_Hugo\Donuts\Donuts\predefined C++ types (compiler internal)(357,11):
      voir la déclaration de 'std'
  
C:\Users\hugoc\OneDrive\Documents\GitHub\Capitaine_Hugo\Donuts\Donuts\Mesh.h(12,13): error C2143: erreur de syntaxe : absence de ';' avant '<'
  (compiler le fichier source 'Donuts.cpp')
  
C:\Users\hugoc\OneDrive\Documents\GitHub\Capitaine_Hugo\Donuts\Donuts\Mesh.h(12,7): error C4430: spécificateur de type manquant - int est pris en compte par défaut. Remarque : C++ ne prend pas en charge int par défaut
  (compiler le fichier source 'Donuts.cpp')
  
C:\Users\hugoc\OneDrive\Documents\GitHub\Capitaine_Hugo\Donuts\Donuts\Mesh.h(12,29): error C2238: jetons inattendus avant ';'
  (compiler le fichier source 'Donuts.cpp')
  
C:\Users\hugoc\OneDrive\Documents\GitHub\Capitaine_Hugo\Donuts\Donuts\pch.h(17,16): warning C4091: 'typedef ' : ignoré à gauche de 'Vertex' quand aucune variable n'est déclarée
  (compiler le fichier source 'Donuts.cpp')
  
C:\Users\hugoc\OneDrive\Documents\GitHub\Capitaine_Hugo\Donuts\Donuts\Donuts.cpp(15,14): error C2665: 'Mesh::Mesh' : aucune fonction surchargée n’a pu convertir tous les types d’arguments.
      C:\Users\hugoc\OneDrive\Documents\GitHub\Capitaine_Hugo\Donuts\Donuts\Mesh.h(13,1):
      est peut-être 'Mesh::Mesh(Mesh &&)'
          C:\Users\hugoc\OneDrive\Documents\GitHub\Capitaine_Hugo\Donuts\Donuts\Donuts.cpp(15,14):
          'Mesh::Mesh(Mesh &&)' : impossible de convertir l'argument 1 de 'std::vector<Vertex,std::allocator<Vertex>>' en 'Mesh &&'
              C:\Users\hugoc\OneDrive\Documents\GitHub\Capitaine_Hugo\Donuts\Donuts\Donuts.cpp(15,15):
              Raison : impossible de convertir de 'std::vector<Vertex,std::allocator<Vertex>>' en 'Mesh'
              C:\Users\hugoc\OneDrive\Documents\GitHub\Capitaine_Hugo\Donuts\Donuts\Donuts.cpp(15,15):
              Aucun opérateur de conversion définie par l'utilisateur disponible qui puisse effectuer cette conversion, ou l'opérateur ne peut pas être appelé
      C:\Users\hugoc\OneDrive\Documents\GitHub\Capitaine_Hugo\Donuts\Donuts\Mesh.h(13,1):
      ou       'Mesh::Mesh(const Mesh &)'
          C:\Users\hugoc\OneDrive\Documents\GitHub\Capitaine_Hugo\Donuts\Donuts\Donuts.cpp(15,14):
          'Mesh::Mesh(const Mesh &)' : impossible de convertir l'argument 1 de 'std::vector<Vertex,std::allocator<Vertex>>' en 'const Mesh &'
              C:\Users\hugoc\OneDrive\Documents\GitHub\Capitaine_Hugo\Donuts\Donuts\Donuts.cpp(15,15):
              Raison : impossible de convertir de 'std::vector<Vertex,std::allocator<Vertex>>' en 'const Mesh'
              C:\Users\hugoc\OneDrive\Documents\GitHub\Capitaine_Hugo\Donuts\Donuts\Donuts.cpp(15,15):
              Aucun opérateur de conversion définie par l'utilisateur disponible qui puisse effectuer cette conversion, ou l'opérateur ne peut pas être appelé
      C:\Users\hugoc\OneDrive\Documents\GitHub\Capitaine_Hugo\Donuts\Donuts\Donuts.cpp(15,14):
      lors de la tentative de mise en correspondance de la liste des arguments '(std::vector<Vertex,std::allocator<Vertex>>)'
  
  Mesh.cpp
C:\Users\hugoc\OneDrive\Documents\GitHub\Capitaine_Hugo\Donuts\Donuts\Mesh.h(7,12): error C2039: 'vector' n'est pas membre de 'std'
  (compiler le fichier source 'Mesh.cpp')
      C:\Users\hugoc\OneDrive\Documents\GitHub\Capitaine_Hugo\Donuts\Donuts\predefined C++ types (compiler internal)(357,11):
      voir la déclaration de 'std'
  
C:\Users\hugoc\OneDrive\Documents\GitHub\Capitaine_Hugo\Donuts\Donuts\Mesh.h(7,12): error C2061: erreur de syntaxe : identificateur 'vector'
  (compiler le fichier source 'Mesh.cpp')
  
C:\Users\hugoc\OneDrive\Documents\GitHub\Capitaine_Hugo\Donuts\Donuts\Mesh.h(12,7): error C2039: 'vector' n'est pas membre de 'std'
  (compiler le fichier source 'Mesh.cpp')
      C:\Users\hugoc\OneDrive\Documents\GitHub\Capitaine_Hugo\Donuts\Donuts\predefined C++ types (compiler internal)(357,11):
      voir la déclaration de 'std'
  
C:\Users\hugoc\OneDrive\Documents\GitHub\Capitaine_Hugo\Donuts\Donuts\Mesh.h(12,13): error C2143: erreur de syntaxe : absence de ';' avant '<'
  (compiler le fichier source 'Mesh.cpp')
  
C:\Users\hugoc\OneDrive\Documents\GitHub\Capitaine_Hugo\Donuts\Donuts\Mesh.h(12,7): error C4430: spécificateur de type manquant - int est pris en compte par défaut. Remarque : C++ ne prend pas en charge int par défaut
  (compiler le fichier source 'Mesh.cpp')
  
C:\Users\hugoc\OneDrive\Documents\GitHub\Capitaine_Hugo\Donuts\Donuts\Mesh.h(12,29): error C2238: jetons inattendus avant ';'
  (compiler le fichier source 'Mesh.cpp')
  
C:\Users\hugoc\OneDrive\Documents\GitHub\Capitaine_Hugo\Donuts\Donuts\pch.h(17,16): warning C4091: 'typedef ' : ignoré à gauche de 'Vertex' quand aucune variable n'est déclarée
  (compiler le fichier source 'Mesh.cpp')
  
C:\Users\hugoc\OneDrive\Documents\GitHub\Capitaine_Hugo\Donuts\Donuts\Mesh.cpp(4,7): error C2511: 'Mesh::Mesh(std::vector<Vertex,std::allocator<Vertex>>)' : impossible de trouver la fonction membre surchargée dans 'Mesh'
      C:\Users\hugoc\OneDrive\Documents\GitHub\Capitaine_Hugo\Donuts\Donuts\Mesh.h(4,7):
      voir la déclaration de 'Mesh'
  
C:\Users\hugoc\OneDrive\Documents\GitHub\Capitaine_Hugo\Donuts\Donuts\Mesh.cpp(8,3): error C2065: 'mVertex' : identificateur non déclaré
C:\Users\hugoc\OneDrive\Documents\GitHub\Capitaine_Hugo\Donuts\Donuts\Mesh.cpp(15,22): error C2065: 'mVertex' : identificateur non déclaré
C:\Users\hugoc\OneDrive\Documents\GitHub\Capitaine_Hugo\Donuts\Donuts\Mesh.cpp(18,69): error C2065: 'mVertex' : identificateur non déclaré
C:\Users\hugoc\OneDrive\Documents\GitHub\Capitaine_Hugo\Donuts\Donuts\Mesh.cpp(18,97): error C2065: 'mVertex' : identificateur non déclaré
C:\Users\hugoc\OneDrive\Documents\GitHub\Capitaine_Hugo\Donuts\Donuts\Mesh.cpp(18,125): error C2065: 'mVertex' : identificateur non déclaré
  pch.cpp
C:\Users\hugoc\OneDrive\Documents\GitHub\Capitaine_Hugo\Donuts\Donuts\Mesh.h(7,12): error C2039: 'vector' n'est pas membre de 'std'
  (compiler le fichier source 'pch.cpp')
      C:\Users\hugoc\OneDrive\Documents\GitHub\Capitaine_Hugo\Donuts\Donuts\predefined C++ types (compiler internal)(357,11):
      voir la déclaration de 'std'
  
C:\Users\hugoc\OneDrive\Documents\GitHub\Capitaine_Hugo\Donuts\Donuts\Mesh.h(7,12): error C2061: erreur de syntaxe : identificateur 'vector'
  (compiler le fichier source 'pch.cpp')
  
C:\Users\hugoc\OneDrive\Documents\GitHub\Capitaine_Hugo\Donuts\Donuts\Mesh.h(12,7): error C2039: 'vector' n'est pas membre de 'std'
  (compiler le fichier source 'pch.cpp')
      C:\Users\hugoc\OneDrive\Documents\GitHub\Capitaine_Hugo\Donuts\Donuts\predefined C++ types (compiler internal)(357,11):
      voir la déclaration de 'std'
  
C:\Users\hugoc\OneDrive\Documents\GitHub\Capitaine_Hugo\Donuts\Donuts\Mesh.h(12,13): error C2143: erreur de syntaxe : absence de ';' avant '<'
  (compiler le fichier source 'pch.cpp')
  
C:\Users\hugoc\OneDrive\Documents\GitHub\Capitaine_Hugo\Donuts\Donuts\Mesh.h(12,7): error C4430: spécificateur de type manquant - int est pris en compte par défaut. Remarque : C++ ne prend pas en charge int par défaut
  (compiler le fichier source 'pch.cpp')
  
C:\Users\hugoc\OneDrive\Documents\GitHub\Capitaine_Hugo\Donuts\Donuts\Mesh.h(12,29): error C2238: jetons inattendus avant ';'
  (compiler le fichier source 'pch.cpp')
  
C:\Users\hugoc\OneDrive\Documents\GitHub\Capitaine_Hugo\Donuts\Donuts\pch.h(17,16): warning C4091: 'typedef ' : ignoré à gauche de 'Vertex' quand aucune variable n'est déclarée
  (compiler le fichier source 'pch.cpp')
  
  Screen.cpp
C:\Users\hugoc\OneDrive\Documents\GitHub\Capitaine_Hugo\Donuts\Donuts\Mesh.h(7,12): error C2039: 'vector' n'est pas membre de 'std'
  (compiler le fichier source 'Screen.cpp')
      C:\Users\hugoc\OneDrive\Documents\GitHub\Capitaine_Hugo\Donuts\Donuts\predefined C++ types (compiler internal)(357,11):
      voir la déclaration de 'std'
  
C:\Users\hugoc\OneDrive\Documents\GitHub\Capitaine_Hugo\Donuts\Donuts\Mesh.h(7,12): error C2061: erreur de syntaxe : identificateur 'vector'
  (compiler le fichier source 'Screen.cpp')
  
C:\Users\hugoc\OneDrive\Documents\GitHub\Capitaine_Hugo\Donuts\Donuts\Mesh.h(12,7): error C2039: 'vector' n'est pas membre de 'std'
  (compiler le fichier source 'Screen.cpp')
      C:\Users\hugoc\OneDrive\Documents\GitHub\Capitaine_Hugo\Donuts\Donuts\predefined C++ types (compiler internal)(357,11):
      voir la déclaration de 'std'
  
C:\Users\hugoc\OneDrive\Documents\GitHub\Capitaine_Hugo\Donuts\Donuts\Mesh.h(12,13): error C2143: erreur de syntaxe : absence de ';' avant '<'
  (compiler le fichier source 'Screen.cpp')
  
C:\Users\hugoc\OneDrive\Documents\GitHub\Capitaine_Hugo\Donuts\Donuts\Mesh.h(12,7): error C4430: spécificateur de type manquant - int est pris en compte par défaut. Remarque : C++ ne prend pas en charge int par défaut
  (compiler le fichier source 'Screen.cpp')
  
C:\Users\hugoc\OneDrive\Documents\GitHub\Capitaine_Hugo\Donuts\Donuts\Mesh.h(12,29): error C2238: jetons inattendus avant ';'
  (compiler le fichier source 'Screen.cpp')
  
C:\Users\hugoc\OneDrive\Documents\GitHub\Capitaine_Hugo\Donuts\Donuts\pch.h(17,16): warning C4091: 'typedef ' : ignoré à gauche de 'Vertex' quand aucune variable n'est déclarée
  (compiler le fichier source 'Screen.cpp')
  
  Settings.cpp
C:\Users\hugoc\OneDrive\Documents\GitHub\Capitaine_Hugo\Donuts\Donuts\Mesh.h(7,12): error C2039: 'vector' n'est pas membre de 'std'
  (compiler le fichier source 'Settings.cpp')
      C:\Users\hugoc\OneDrive\Documents\GitHub\Capitaine_Hugo\Donuts\Donuts\predefined C++ types (compiler internal)(357,11):
      voir la déclaration de 'std'
  
C:\Users\hugoc\OneDrive\Documents\GitHub\Capitaine_Hugo\Donuts\Donuts\Mesh.h(7,12): error C2061: erreur de syntaxe : identificateur 'vector'
  (compiler le fichier source 'Settings.cpp')
  
C:\Users\hugoc\OneDrive\Documents\GitHub\Capitaine_Hugo\Donuts\Donuts\Mesh.h(12,7): error C2039: 'vector' n'est pas membre de 'std'
  (compiler le fichier source 'Settings.cpp')
      C:\Users\hugoc\OneDrive\Documents\GitHub\Capitaine_Hugo\Donuts\Donuts\predefined C++ types (compiler internal)(357,11):
      voir la déclaration de 'std'
  
C:\Users\hugoc\OneDrive\Documents\GitHub\Capitaine_Hugo\Donuts\Donuts\Mesh.h(12,13): error C2143: erreur de syntaxe : absence de ';' avant '<'
  (compiler le fichier source 'Settings.cpp')
  
C:\Users\hugoc\OneDrive\Documents\GitHub\Capitaine_Hugo\Donuts\Donuts\Mesh.h(12,7): error C4430: spécificateur de type manquant - int est pris en compte par défaut. Remarque : C++ ne prend pas en charge int par défaut
  (compiler le fichier source 'Settings.cpp')
  
C:\Users\hugoc\OneDrive\Documents\GitHub\Capitaine_Hugo\Donuts\Donuts\Mesh.h(12,29): error C2238: jetons inattendus avant ';'
  (compiler le fichier source 'Settings.cpp')
  
C:\Users\hugoc\OneDrive\Documents\GitHub\Capitaine_Hugo\Donuts\Donuts\pch.h(17,16): warning C4091: 'typedef ' : ignoré à gauche de 'Vertex' quand aucune variable n'est déclarée
  (compiler le fichier source 'Settings.cpp')
  
